[2023-04-19T08:11:23.285+0000] {taskinstance.py:1083} INFO - Dependencies all met for <TaskInstance: process-employees.create_employees_table scheduled__2023-04-18T00:00:00+00:00 [queued]>
[2023-04-19T08:11:23.295+0000] {taskinstance.py:1083} INFO - Dependencies all met for <TaskInstance: process-employees.create_employees_table scheduled__2023-04-18T00:00:00+00:00 [queued]>
[2023-04-19T08:11:23.296+0000] {taskinstance.py:1279} INFO - 
--------------------------------------------------------------------------------
[2023-04-19T08:11:23.296+0000] {taskinstance.py:1280} INFO - Starting attempt 1 of 1
[2023-04-19T08:11:23.296+0000] {taskinstance.py:1281} INFO - 
--------------------------------------------------------------------------------
[2023-04-19T08:11:23.325+0000] {taskinstance.py:1300} INFO - Executing <Task(PostgresOperator): create_employees_table> on 2023-04-18 00:00:00+00:00
[2023-04-19T08:11:23.337+0000] {standard_task_runner.py:55} INFO - Started process 108 to run task
[2023-04-19T08:11:23.340+0000] {standard_task_runner.py:82} INFO - Running: ['***', 'tasks', 'run', 'process-employees', 'create_employees_table', 'scheduled__2023-04-18T00:00:00+00:00', '--job-id', '19', '--raw', '--subdir', 'DAGS_FOLDER/my_first_dag.py', '--cfg-path', '/tmp/tmpjtu99fei']
[2023-04-19T08:11:23.341+0000] {standard_task_runner.py:83} INFO - Job 19: Subtask create_employees_table
[2023-04-19T08:11:23.545+0000] {task_command.py:388} INFO - Running <TaskInstance: process-employees.create_employees_table scheduled__2023-04-18T00:00:00+00:00 [running]> on host 0ba07d970143
[2023-04-19T08:11:23.731+0000] {taskinstance.py:1509} INFO - Exporting the following env vars:
AIRFLOW_CTX_DAG_OWNER=***
AIRFLOW_CTX_DAG_ID=process-employees
AIRFLOW_CTX_TASK_ID=create_employees_table
AIRFLOW_CTX_EXECUTION_DATE=2023-04-18T00:00:00+00:00
AIRFLOW_CTX_TRY_NUMBER=1
AIRFLOW_CTX_DAG_RUN_ID=scheduled__2023-04-18T00:00:00+00:00
[2023-04-19T08:11:23.732+0000] {sql.py:254} INFO - Executing: 
            CREATE TABLE IF NOT EXISTS employees (
                "Serial Number" NUMERIC PRIMARY KEY,
                "Company Name" TEXT,
                "Employee Markme" TEXT,
                "Description" TEXT,
                "Leave" INTEGER
            );
[2023-04-19T08:11:23.746+0000] {base.py:73} INFO - Using connection ID 'tutorial_pg_conn' for task execution.
[2023-04-19T08:11:24.034+0000] {base.py:73} INFO - Using connection ID 'tutorial_pg_conn' for task execution.
[2023-04-19T08:11:24.038+0000] {sql.py:375} INFO - Running statement: 
            CREATE TABLE IF NOT EXISTS employees (
                "Serial Number" NUMERIC PRIMARY KEY,
                "Company Name" TEXT,
                "Employee Markme" TEXT,
                "Description" TEXT,
                "Leave" INTEGER
            );, parameters: None
[2023-04-19T08:11:24.053+0000] {taskinstance.py:1323} INFO - Marking task as SUCCESS. dag_id=process-employees, task_id=create_employees_table, execution_date=20230418T000000, start_date=20230419T081123, end_date=20230419T081124
[2023-04-19T08:11:24.089+0000] {local_task_job.py:208} INFO - Task exited with return code 0
[2023-04-19T08:11:24.128+0000] {taskinstance.py:2578} INFO - 1 downstream tasks scheduled from follow-on schedule check
