[2023-04-18T13:26:33.191+0000] {taskinstance.py:1083} INFO - Dependencies all met for <TaskInstance: process-employees.create_employees_temp_table manual__2023-04-18T13:26:31.631503+00:00 [queued]>
[2023-04-18T13:26:33.205+0000] {taskinstance.py:1083} INFO - Dependencies all met for <TaskInstance: process-employees.create_employees_temp_table manual__2023-04-18T13:26:31.631503+00:00 [queued]>
[2023-04-18T13:26:33.206+0000] {taskinstance.py:1279} INFO - 
--------------------------------------------------------------------------------
[2023-04-18T13:26:33.206+0000] {taskinstance.py:1280} INFO - Starting attempt 1 of 1
[2023-04-18T13:26:33.206+0000] {taskinstance.py:1281} INFO - 
--------------------------------------------------------------------------------
[2023-04-18T13:26:33.274+0000] {taskinstance.py:1300} INFO - Executing <Task(PostgresOperator): create_employees_temp_table> on 2023-04-18 13:26:31.631503+00:00
[2023-04-18T13:26:33.295+0000] {standard_task_runner.py:55} INFO - Started process 8595 to run task
[2023-04-18T13:26:33.369+0000] {standard_task_runner.py:82} INFO - Running: ['***', 'tasks', 'run', 'process-employees', 'create_employees_temp_table', 'manual__2023-04-18T13:26:31.631503+00:00', '--job-id', '13', '--raw', '--subdir', 'DAGS_FOLDER/my_first_dag.py', '--cfg-path', '/tmp/tmpxsiy7uxf']
[2023-04-18T13:26:33.369+0000] {standard_task_runner.py:83} INFO - Job 13: Subtask create_employees_temp_table
[2023-04-18T13:26:33.492+0000] {task_command.py:388} INFO - Running <TaskInstance: process-employees.create_employees_temp_table manual__2023-04-18T13:26:31.631503+00:00 [running]> on host 0ba07d970143
[2023-04-18T13:26:33.629+0000] {taskinstance.py:1509} INFO - Exporting the following env vars:
AIRFLOW_CTX_DAG_OWNER=***
AIRFLOW_CTX_DAG_ID=process-employees
AIRFLOW_CTX_TASK_ID=create_employees_temp_table
AIRFLOW_CTX_EXECUTION_DATE=2023-04-18T13:26:31.631503+00:00
AIRFLOW_CTX_TRY_NUMBER=1
AIRFLOW_CTX_DAG_RUN_ID=manual__2023-04-18T13:26:31.631503+00:00
[2023-04-18T13:26:33.630+0000] {sql.py:254} INFO - Executing: 
            DROP TABLE IF EXISTS employees_temp;
            CREATE TABLE employees_temp (
                "Serial Number" NUMERIC PRIMARY KEY,
                "Company Name" TEXT,
                "Employee Markme" TEXT,
                "Description" TEXT,
                "Leave" INTEGER
            );
[2023-04-18T13:26:33.670+0000] {base.py:73} INFO - Using connection ID 'tutorial_pg_conn' for task execution.
[2023-04-18T13:26:34.099+0000] {base.py:73} INFO - Using connection ID 'tutorial_pg_conn' for task execution.
[2023-04-18T13:26:34.105+0000] {sql.py:375} INFO - Running statement: 
            DROP TABLE IF EXISTS employees_temp;
            CREATE TABLE employees_temp (
                "Serial Number" NUMERIC PRIMARY KEY,
                "Company Name" TEXT,
                "Employee Markme" TEXT,
                "Description" TEXT,
                "Leave" INTEGER
            );, parameters: None
[2023-04-18T13:26:34.128+0000] {taskinstance.py:1323} INFO - Marking task as SUCCESS. dag_id=process-employees, task_id=create_employees_temp_table, execution_date=20230418T132631, start_date=20230418T132633, end_date=20230418T132634
[2023-04-18T13:26:34.182+0000] {local_task_job.py:208} INFO - Task exited with return code 0
[2023-04-18T13:26:34.230+0000] {taskinstance.py:2578} INFO - 1 downstream tasks scheduled from follow-on schedule check
