[2023-04-18T13:26:18.902+0000] {taskinstance.py:1083} INFO - Dependencies all met for <TaskInstance: process-employees.merge_data scheduled__2023-04-17T00:00:00+00:00 [queued]>
[2023-04-18T13:26:18.919+0000] {taskinstance.py:1083} INFO - Dependencies all met for <TaskInstance: process-employees.merge_data scheduled__2023-04-17T00:00:00+00:00 [queued]>
[2023-04-18T13:26:18.919+0000] {taskinstance.py:1279} INFO - 
--------------------------------------------------------------------------------
[2023-04-18T13:26:18.919+0000] {taskinstance.py:1280} INFO - Starting attempt 1 of 1
[2023-04-18T13:26:18.919+0000] {taskinstance.py:1281} INFO - 
--------------------------------------------------------------------------------
[2023-04-18T13:26:18.944+0000] {taskinstance.py:1300} INFO - Executing <Task(_PythonDecoratedOperator): merge_data> on 2023-04-17 00:00:00+00:00
[2023-04-18T13:26:18.961+0000] {standard_task_runner.py:55} INFO - Started process 8552 to run task
[2023-04-18T13:26:18.967+0000] {standard_task_runner.py:82} INFO - Running: ['***', 'tasks', 'run', 'process-employees', 'merge_data', 'scheduled__2023-04-17T00:00:00+00:00', '--job-id', '11', '--raw', '--subdir', 'DAGS_FOLDER/my_first_dag.py', '--cfg-path', '/tmp/tmp2qhhel6l']
[2023-04-18T13:26:18.968+0000] {standard_task_runner.py:83} INFO - Job 11: Subtask merge_data
[2023-04-18T13:26:19.090+0000] {task_command.py:388} INFO - Running <TaskInstance: process-employees.merge_data scheduled__2023-04-17T00:00:00+00:00 [running]> on host 0ba07d970143
[2023-04-18T13:26:19.242+0000] {taskinstance.py:1509} INFO - Exporting the following env vars:
AIRFLOW_CTX_DAG_OWNER=***
AIRFLOW_CTX_DAG_ID=process-employees
AIRFLOW_CTX_TASK_ID=merge_data
AIRFLOW_CTX_EXECUTION_DATE=2023-04-17T00:00:00+00:00
AIRFLOW_CTX_TRY_NUMBER=1
AIRFLOW_CTX_DAG_RUN_ID=scheduled__2023-04-17T00:00:00+00:00
[2023-04-18T13:26:19.257+0000] {base.py:73} INFO - Using connection ID 'tutorial_pg_conn' for task execution.
[2023-04-18T13:26:19.267+0000] {python.py:177} INFO - Done. Returned value was: 0
[2023-04-18T13:26:19.306+0000] {taskinstance.py:1323} INFO - Marking task as SUCCESS. dag_id=process-employees, task_id=merge_data, execution_date=20230417T000000, start_date=20230418T132618, end_date=20230418T132619
[2023-04-18T13:26:19.343+0000] {local_task_job.py:208} INFO - Task exited with return code 0
[2023-04-18T13:26:19.371+0000] {taskinstance.py:2578} INFO - 0 downstream tasks scheduled from follow-on schedule check
