[2023-04-19T08:29:10.426+0000] {taskinstance.py:1083} INFO - Dependencies all met for <TaskInstance: download_rocket_launches.download_launches scheduled__2023-04-09T00:00:00+00:00 [queued]>
[2023-04-19T08:29:10.628+0000] {taskinstance.py:1083} INFO - Dependencies all met for <TaskInstance: download_rocket_launches.download_launches scheduled__2023-04-09T00:00:00+00:00 [queued]>
[2023-04-19T08:29:10.628+0000] {taskinstance.py:1279} INFO - 
--------------------------------------------------------------------------------
[2023-04-19T08:29:10.629+0000] {taskinstance.py:1280} INFO - Starting attempt 1 of 1
[2023-04-19T08:29:10.629+0000] {taskinstance.py:1281} INFO - 
--------------------------------------------------------------------------------
[2023-04-19T08:29:10.829+0000] {taskinstance.py:1300} INFO - Executing <Task(BashOperator): download_launches> on 2023-04-09 00:00:00+00:00
[2023-04-19T08:29:10.924+0000] {standard_task_runner.py:55} INFO - Started process 2066 to run task
[2023-04-19T08:29:10.928+0000] {standard_task_runner.py:82} INFO - Running: ['***', 'tasks', 'run', 'download_rocket_launches', 'download_launches', 'scheduled__2023-04-09T00:00:00+00:00', '--job-id', '31', '--raw', '--subdir', 'DAGS_FOLDER/my_first_dag.py', '--cfg-path', '/tmp/tmpd8618gvt']
[2023-04-19T08:29:10.929+0000] {standard_task_runner.py:83} INFO - Job 31: Subtask download_launches
[2023-04-19T08:29:11.338+0000] {task_command.py:388} INFO - Running <TaskInstance: download_rocket_launches.download_launches scheduled__2023-04-09T00:00:00+00:00 [running]> on host 0ba07d970143
[2023-04-19T08:29:12.227+0000] {taskinstance.py:1509} INFO - Exporting the following env vars:
AIRFLOW_CTX_DAG_OWNER=***
AIRFLOW_CTX_DAG_ID=download_rocket_launches
AIRFLOW_CTX_TASK_ID=download_launches
AIRFLOW_CTX_EXECUTION_DATE=2023-04-09T00:00:00+00:00
AIRFLOW_CTX_TRY_NUMBER=1
AIRFLOW_CTX_DAG_RUN_ID=scheduled__2023-04-09T00:00:00+00:00
[2023-04-19T08:29:12.230+0000] {subprocess.py:63} INFO - Tmp dir root location: 
 /tmp
[2023-04-19T08:29:12.235+0000] {subprocess.py:75} INFO - Running command: ['/bin/bash', '-c', "curl -o /tmp/launches.json -L 'https://ll.thespacedevs.com/2.0.0/launch/upcoming'"]
[2023-04-19T08:29:12.438+0000] {subprocess.py:86} INFO - Output:
[2023-04-19T08:29:12.530+0000] {subprocess.py:93} INFO -   % Total    % Received % Xferd  Average Speed   Time    Time     Time  Current
[2023-04-19T08:29:12.530+0000] {subprocess.py:93} INFO -                                  Dload  Upload   Total   Spent    Left  Speed
[2023-04-19T08:29:12.845+0000] {subprocess.py:93} INFO -   0     0    0     0    0     0      0      0 --:--:-- --:--:-- --:--:--     0  0     0    0     0    0     0      0      0 --:--:-- --:--:-- --:--:--     0
[2023-04-19T08:29:13.022+0000] {subprocess.py:93} INFO - 100 23017  100 23017    0     0  46782      0 --:--:-- --:--:-- --:--:-- 46782
[2023-04-19T08:29:13.026+0000] {subprocess.py:97} INFO - Command exited with return code 0
[2023-04-19T08:29:13.428+0000] {taskinstance.py:1323} INFO - Marking task as SUCCESS. dag_id=download_rocket_launches, task_id=download_launches, execution_date=20230409T000000, start_date=20230419T082910, end_date=20230419T082913
[2023-04-19T08:29:13.727+0000] {local_task_job.py:208} INFO - Task exited with return code 0
[2023-04-19T08:29:14.450+0000] {taskinstance.py:2578} INFO - 0 downstream tasks scheduled from follow-on schedule check
