[2023-04-19T08:29:44.332+0000] {taskinstance.py:1083} INFO - Dependencies all met for <TaskInstance: download_rocket_launches.notify scheduled__2023-04-18T00:00:00+00:00 [queued]>
[2023-04-19T08:29:44.349+0000] {taskinstance.py:1083} INFO - Dependencies all met for <TaskInstance: download_rocket_launches.notify scheduled__2023-04-18T00:00:00+00:00 [queued]>
[2023-04-19T08:29:44.349+0000] {taskinstance.py:1279} INFO - 
--------------------------------------------------------------------------------
[2023-04-19T08:29:44.349+0000] {taskinstance.py:1280} INFO - Starting attempt 1 of 1
[2023-04-19T08:29:44.350+0000] {taskinstance.py:1281} INFO - 
--------------------------------------------------------------------------------
[2023-04-19T08:29:44.435+0000] {taskinstance.py:1300} INFO - Executing <Task(BashOperator): notify> on 2023-04-18 00:00:00+00:00
[2023-04-19T08:29:44.445+0000] {standard_task_runner.py:55} INFO - Started process 2243 to run task
[2023-04-19T08:29:44.448+0000] {standard_task_runner.py:82} INFO - Running: ['***', 'tasks', 'run', 'download_rocket_launches', 'notify', 'scheduled__2023-04-18T00:00:00+00:00', '--job-id', '63', '--raw', '--subdir', 'DAGS_FOLDER/my_first_dag.py', '--cfg-path', '/tmp/tmpvog19d99']
[2023-04-19T08:29:44.449+0000] {standard_task_runner.py:83} INFO - Job 63: Subtask notify
[2023-04-19T08:29:44.648+0000] {task_command.py:388} INFO - Running <TaskInstance: download_rocket_launches.notify scheduled__2023-04-18T00:00:00+00:00 [running]> on host 0ba07d970143
[2023-04-19T08:29:44.861+0000] {taskinstance.py:1509} INFO - Exporting the following env vars:
AIRFLOW_CTX_DAG_OWNER=***
AIRFLOW_CTX_DAG_ID=download_rocket_launches
AIRFLOW_CTX_TASK_ID=notify
AIRFLOW_CTX_EXECUTION_DATE=2023-04-18T00:00:00+00:00
AIRFLOW_CTX_TRY_NUMBER=1
AIRFLOW_CTX_DAG_RUN_ID=scheduled__2023-04-18T00:00:00+00:00
[2023-04-19T08:29:44.862+0000] {subprocess.py:63} INFO - Tmp dir root location: 
 /tmp
[2023-04-19T08:29:44.922+0000] {subprocess.py:75} INFO - Running command: ['/bin/bash', '-c', 'echo "There are now $(ls /tmp/images/ | wc -l) images."']
[2023-04-19T08:29:44.943+0000] {subprocess.py:86} INFO - Output:
[2023-04-19T08:29:44.949+0000] {subprocess.py:93} INFO - There are now 10 images.
[2023-04-19T08:29:44.950+0000] {subprocess.py:97} INFO - Command exited with return code 0
[2023-04-19T08:29:45.046+0000] {taskinstance.py:1323} INFO - Marking task as SUCCESS. dag_id=download_rocket_launches, task_id=notify, execution_date=20230418T000000, start_date=20230419T082944, end_date=20230419T082945
[2023-04-19T08:29:45.163+0000] {local_task_job.py:208} INFO - Task exited with return code 0
[2023-04-19T08:29:45.235+0000] {taskinstance.py:2578} INFO - 0 downstream tasks scheduled from follow-on schedule check
