[2023-04-18T12:27:19.188+0000] {taskinstance.py:1083} INFO - Dependencies all met for <TaskInstance: consumer_aware.consume_dataset manual__2023-04-18T12:27:17.399152+00:00 [queued]>
[2023-04-18T12:27:19.198+0000] {taskinstance.py:1083} INFO - Dependencies all met for <TaskInstance: consumer_aware.consume_dataset manual__2023-04-18T12:27:17.399152+00:00 [queued]>
[2023-04-18T12:27:19.198+0000] {taskinstance.py:1279} INFO - 
--------------------------------------------------------------------------------
[2023-04-18T12:27:19.198+0000] {taskinstance.py:1280} INFO - Starting attempt 1 of 4
[2023-04-18T12:27:19.198+0000] {taskinstance.py:1281} INFO - 
--------------------------------------------------------------------------------
[2023-04-18T12:27:19.214+0000] {taskinstance.py:1300} INFO - Executing <Task(BashOperator): consume_dataset> on 2023-04-18 12:27:17.399152+00:00
[2023-04-18T12:27:19.270+0000] {standard_task_runner.py:55} INFO - Started process 1792 to run task
[2023-04-18T12:27:19.275+0000] {standard_task_runner.py:82} INFO - Running: ['***', 'tasks', 'run', 'consumer_aware', 'consume_dataset', 'manual__2023-04-18T12:27:17.399152+00:00', '--job-id', '7', '--raw', '--subdir', 'DAGS_FOLDER/my_first_dag.py', '--cfg-path', '/tmp/tmpvgs1mg56']
[2023-04-18T12:27:19.276+0000] {standard_task_runner.py:83} INFO - Job 7: Subtask consume_dataset
[2023-04-18T12:27:19.400+0000] {task_command.py:388} INFO - Running <TaskInstance: consumer_aware.consume_dataset manual__2023-04-18T12:27:17.399152+00:00 [running]> on host 0ba07d970143
[2023-04-18T12:27:19.664+0000] {taskinstance.py:1509} INFO - Exporting the following env vars:
AIRFLOW_CTX_DAG_OWNER=***
AIRFLOW_CTX_DAG_ID=consumer_aware
AIRFLOW_CTX_TASK_ID=consume_dataset
AIRFLOW_CTX_EXECUTION_DATE=2023-04-18T12:27:17.399152+00:00
AIRFLOW_CTX_TRY_NUMBER=1
AIRFLOW_CTX_DAG_RUN_ID=manual__2023-04-18T12:27:17.399152+00:00
[2023-04-18T12:27:19.666+0000] {subprocess.py:63} INFO - Tmp dir root location: 
 /tmp
[2023-04-18T12:27:19.666+0000] {subprocess.py:75} INFO - Running command: ['/bin/bash', '-c', 'cat /tmp/data.csv']
[2023-04-18T12:27:19.685+0000] {subprocess.py:86} INFO - Output:
[2023-04-18T12:27:19.689+0000] {subprocess.py:93} INFO - data1,data2,data3
[2023-04-18T12:27:19.689+0000] {subprocess.py:93} INFO - 
[2023-04-18T12:27:19.689+0000] {subprocess.py:97} INFO - Command exited with return code 0
[2023-04-18T12:27:19.778+0000] {taskinstance.py:1323} INFO - Marking task as SUCCESS. dag_id=consumer_aware, task_id=consume_dataset, execution_date=20230418T122717, start_date=20230418T122719, end_date=20230418T122719
[2023-04-18T12:27:19.821+0000] {local_task_job.py:208} INFO - Task exited with return code 0
[2023-04-18T12:27:19.879+0000] {taskinstance.py:2578} INFO - 0 downstream tasks scheduled from follow-on schedule check
