[2023-04-19T08:29:09.826+0000] {taskinstance.py:1083} INFO - Dependencies all met for <TaskInstance: download_rocket_launches.get_pictures scheduled__2023-04-05T00:00:00+00:00 [queued]>
[2023-04-19T08:29:09.924+0000] {taskinstance.py:1083} INFO - Dependencies all met for <TaskInstance: download_rocket_launches.get_pictures scheduled__2023-04-05T00:00:00+00:00 [queued]>
[2023-04-19T08:29:09.924+0000] {taskinstance.py:1279} INFO - 
--------------------------------------------------------------------------------
[2023-04-19T08:29:09.924+0000] {taskinstance.py:1280} INFO - Starting attempt 1 of 1
[2023-04-19T08:29:09.924+0000] {taskinstance.py:1281} INFO - 
--------------------------------------------------------------------------------
[2023-04-19T08:29:10.436+0000] {taskinstance.py:1300} INFO - Executing <Task(PythonOperator): get_pictures> on 2023-04-05 00:00:00+00:00
[2023-04-19T08:29:10.450+0000] {standard_task_runner.py:55} INFO - Started process 2059 to run task
[2023-04-19T08:29:10.531+0000] {standard_task_runner.py:82} INFO - Running: ['***', 'tasks', 'run', 'download_rocket_launches', 'get_pictures', 'scheduled__2023-04-05T00:00:00+00:00', '--job-id', '30', '--raw', '--subdir', 'DAGS_FOLDER/my_first_dag.py', '--cfg-path', '/tmp/tmp3r023o54']
[2023-04-19T08:29:10.532+0000] {standard_task_runner.py:83} INFO - Job 30: Subtask get_pictures
[2023-04-19T08:29:11.053+0000] {task_command.py:388} INFO - Running <TaskInstance: download_rocket_launches.get_pictures scheduled__2023-04-05T00:00:00+00:00 [running]> on host 0ba07d970143
[2023-04-19T08:29:11.731+0000] {taskinstance.py:1509} INFO - Exporting the following env vars:
AIRFLOW_CTX_DAG_OWNER=***
AIRFLOW_CTX_DAG_ID=download_rocket_launches
AIRFLOW_CTX_TASK_ID=get_pictures
AIRFLOW_CTX_EXECUTION_DATE=2023-04-05T00:00:00+00:00
AIRFLOW_CTX_TRY_NUMBER=1
AIRFLOW_CTX_DAG_RUN_ID=scheduled__2023-04-05T00:00:00+00:00
[2023-04-19T08:29:12.334+0000] {logging_mixin.py:137} INFO - Downloaded https://spacelaunchnow-prod-east.nyc3.digitaloceanspaces.com/media/launch_images/falcon2520925_image_20230209215716.png to /tmp/images/falcon2520925_image_20230209215716.png
[2023-04-19T08:29:13.027+0000] {logging_mixin.py:137} INFO - Downloaded https://spacelaunchnow-prod-east.nyc3.digitaloceanspaces.com/media/launch_images/starship25202_image_20230417053710.jpeg to /tmp/images/starship25202_image_20230417053710.jpeg
[2023-04-19T08:29:13.628+0000] {logging_mixin.py:137} INFO - Downloaded https://spacelaunchnow-prod-east.nyc3.digitaloceanspaces.com/media/launcher_images/pslv_image_20190520163034.jpg to /tmp/images/pslv_image_20190520163034.jpg
[2023-04-19T08:29:14.226+0000] {logging_mixin.py:137} INFO - Downloaded https://spacelaunchnow-prod-east.nyc3.digitaloceanspaces.com/media/launch_images/falcon2520925_image_20230209214919.png to /tmp/images/falcon2520925_image_20230209214919.png
[2023-04-19T08:29:14.827+0000] {logging_mixin.py:137} INFO - Downloaded https://spacelaunchnow-prod-east.nyc3.digitaloceanspaces.com/media/launcher_images/falcon_heavy_image_20220129192819.jpeg to /tmp/images/falcon_heavy_image_20220129192819.jpeg
[2023-04-19T08:29:15.522+0000] {logging_mixin.py:137} INFO - Downloaded https://spacelaunchnow-prod-east.nyc3.digitaloceanspaces.com/media/launcher_images/falcon_9_block__image_20210506060831.jpg to /tmp/images/falcon_9_block__image_20210506060831.jpg
[2023-04-19T08:29:16.134+0000] {logging_mixin.py:137} INFO - Downloaded https://spacelaunchnow-prod-east.nyc3.digitaloceanspaces.com/media/launch_images/falcon2520925_image_20230209213900.png to /tmp/images/falcon2520925_image_20230209213900.png
[2023-04-19T08:29:16.928+0000] {logging_mixin.py:137} INFO - Downloaded https://spacelaunchnow-prod-east.nyc3.digitaloceanspaces.com/media/launch_images/falcon2520925_image_20221102115051.png to /tmp/images/falcon2520925_image_20221102115051.png
[2023-04-19T08:29:17.633+0000] {logging_mixin.py:137} INFO - Downloaded https://spacelaunchnow-prod-east.nyc3.digitaloceanspaces.com/media/launch_images/falcon2520925_image_20230307143022.png to /tmp/images/falcon2520925_image_20230307143022.png
[2023-04-19T08:29:18.331+0000] {logging_mixin.py:137} INFO - Downloaded https://spacelaunchnow-prod-east.nyc3.digitaloceanspaces.com/media/launcher_images/delta_iv_heavy_image_20210426103838.jpg to /tmp/images/delta_iv_heavy_image_20210426103838.jpg
[2023-04-19T08:29:18.331+0000] {python.py:177} INFO - Done. Returned value was: None
[2023-04-19T08:29:18.430+0000] {taskinstance.py:1323} INFO - Marking task as SUCCESS. dag_id=download_rocket_launches, task_id=get_pictures, execution_date=20230405T000000, start_date=20230419T082909, end_date=20230419T082918
[2023-04-19T08:29:18.724+0000] {local_task_job.py:208} INFO - Task exited with return code 0
[2023-04-19T08:29:19.024+0000] {taskinstance.py:2578} INFO - 1 downstream tasks scheduled from follow-on schedule check
