[2023-04-19T08:29:08.648+0000] {taskinstance.py:1083} INFO - Dependencies all met for <TaskInstance: download_rocket_launches.download_launches scheduled__2023-04-08T00:00:00+00:00 [queued]>
[2023-04-19T08:29:08.842+0000] {taskinstance.py:1083} INFO - Dependencies all met for <TaskInstance: download_rocket_launches.download_launches scheduled__2023-04-08T00:00:00+00:00 [queued]>
[2023-04-19T08:29:08.843+0000] {taskinstance.py:1279} INFO - 
--------------------------------------------------------------------------------
[2023-04-19T08:29:08.843+0000] {taskinstance.py:1280} INFO - Starting attempt 1 of 1
[2023-04-19T08:29:08.843+0000] {taskinstance.py:1281} INFO - 
--------------------------------------------------------------------------------
[2023-04-19T08:29:09.130+0000] {taskinstance.py:1300} INFO - Executing <Task(BashOperator): download_launches> on 2023-04-08 00:00:00+00:00
[2023-04-19T08:29:09.140+0000] {standard_task_runner.py:55} INFO - Started process 2052 to run task
[2023-04-19T08:29:09.225+0000] {standard_task_runner.py:82} INFO - Running: ['***', 'tasks', 'run', 'download_rocket_launches', 'download_launches', 'scheduled__2023-04-08T00:00:00+00:00', '--job-id', '26', '--raw', '--subdir', 'DAGS_FOLDER/my_first_dag.py', '--cfg-path', '/tmp/tmpw8xg_azt']
[2023-04-19T08:29:09.226+0000] {standard_task_runner.py:83} INFO - Job 26: Subtask download_launches
[2023-04-19T08:29:09.825+0000] {task_command.py:388} INFO - Running <TaskInstance: download_rocket_launches.download_launches scheduled__2023-04-08T00:00:00+00:00 [running]> on host 0ba07d970143
[2023-04-19T08:29:10.523+0000] {taskinstance.py:1509} INFO - Exporting the following env vars:
AIRFLOW_CTX_DAG_OWNER=***
AIRFLOW_CTX_DAG_ID=download_rocket_launches
AIRFLOW_CTX_TASK_ID=download_launches
AIRFLOW_CTX_EXECUTION_DATE=2023-04-08T00:00:00+00:00
AIRFLOW_CTX_TRY_NUMBER=1
AIRFLOW_CTX_DAG_RUN_ID=scheduled__2023-04-08T00:00:00+00:00
[2023-04-19T08:29:10.530+0000] {subprocess.py:63} INFO - Tmp dir root location: 
 /tmp
[2023-04-19T08:29:10.538+0000] {subprocess.py:75} INFO - Running command: ['/bin/bash', '-c', "curl -o /tmp/launches.json -L 'https://ll.thespacedevs.com/2.0.0/launch/upcoming'"]
[2023-04-19T08:29:10.741+0000] {subprocess.py:86} INFO - Output:
[2023-04-19T08:29:10.831+0000] {subprocess.py:93} INFO -   % Total    % Received % Xferd  Average Speed   Time    Time     Time  Current
[2023-04-19T08:29:10.831+0000] {subprocess.py:93} INFO -                                  Dload  Upload   Total   Spent    Left  Speed
[2023-04-19T08:29:11.422+0000] {subprocess.py:93} INFO -   0     0    0     0    0     0      0      0 --:--:-- --:--:-- --:--:--     0  0     0    0     0    0     0      0      0 --:--:-- --:--:-- --:--:--     0
[2023-04-19T08:29:11.623+0000] {subprocess.py:93} INFO -  35 23017   35  8192    0     0  11145      0  0:00:02 --:--:--  0:00:02 11145100 23017  100 23017    0     0  30166      0 --:--:-- --:--:-- --:--:--  517k
[2023-04-19T08:29:11.625+0000] {subprocess.py:97} INFO - Command exited with return code 0
[2023-04-19T08:29:11.826+0000] {taskinstance.py:1323} INFO - Marking task as SUCCESS. dag_id=download_rocket_launches, task_id=download_launches, execution_date=20230408T000000, start_date=20230419T082908, end_date=20230419T082911
[2023-04-19T08:29:12.222+0000] {local_task_job.py:208} INFO - Task exited with return code 0
[2023-04-19T08:29:12.522+0000] {taskinstance.py:2578} INFO - 1 downstream tasks scheduled from follow-on schedule check
